"../../../Engine/Content/Animation/DefaultAnimCurveCompressionSettings.uasset" 0
"../../../Engine/Content/ArtTools/RenderToTexture/Enums/RenderToTexture_Enum.uasset" 1
"../../../Engine/Content/ArtTools/RenderToTexture/Enums/RenderToTexture_Flipbook_Enum.uasset" 2
"../../../Engine/Content/ArtTools/RenderToTexture/Enums/RenderToTexture_Imposter_Enum.uasset" 3
"../../../Engine/Content/EditorBlueprintResources/StandardMacros.uasset" 4
"../../../Engine/Content/ArtTools/RenderToTexture/Enums/EIntTypes.uasset" 5
"../../../Engine/Content/ArtTools/RenderToTexture/Macros/RenderToTextureFunctionLibrary.uasset" 6
"../../../Engine/Content/ArtTools/RenderToTexture/Enums/EFloatTypes.uasset" 7
"../../../Engine/Content/ArtTools/RenderToTexture/Macros/RenderToTextureMacros.uasset" 8
"../../../Engine/Content/Functions/Engine_MaterialFunctions01/Opacity/CameraDepthFade.uasset" 9
"../../../Engine/Content/EngineMaterials/T_Default_Material_Grid_M.uasset" 10
"../../../Engine/Content/EngineMaterials/T_Default_Material_Grid_N.uasset" 11
"../../../Engine/Content/EngineMaterials/WorldGridMaterial.uasset" 12
"../../../Engine/Content/ArtTools/RenderToTexture/Meshes/S_1_Unit_Plane.uasset" 13
"../../../Engine/Content/EngineMaterials/DefaultMaterial.uasset" 14
"../../../Engine/Content/BasicShapes/Cone.uasset" 15
"../../../Engine/Content/BasicShapes/Cube.uasset" 16
"../../../Engine/Content/BasicShapes/Cylinder.uasset" 17
"../../../Engine/Content/BasicShapes/Sphere.uasset" 18
"../../../Engine/Content/EngineMaterials/DefaultPhysicalMaterial.uasset" 19
"../../../Engine/Content/BufferVisualization/AmbientOcclusion.uasset" 20
"../../../Engine/Content/BufferVisualization/BaseColor.uasset" 21
"../../../Engine/Content/BufferVisualization/CustomDepth.uasset" 22
"../../../Engine/Content/Functions/Engine_MaterialFunctions02/Utility/VectorLength.uasset" 23
"../../../Engine/Content/BufferVisualization/CustomDepthWorldUnits.uasset" 24
"../../../Engine/Content/Functions/Engine_MaterialFunctions02/Utility/BreakOutFloat2Components.uasset" 25
"../../../Engine/Content/Functions/Engine_MaterialFunctions01/Texturing/ScaleUVsByCenter.uasset" 26
"../../../Engine/Content/Functions/Engine_MaterialFunctions02/ScreenResolution.uasset" 27
"../../../Engine/Content/Functions/Engine_MaterialFunctions02/Texturing/ScreenAlignedUVs.uasset" 28
"../../../Engine/Content/Functions/Engine_MaterialFunctions02/Utility/MakeFloat2.uasset" 29
"../../../Engine/Content/Functions/Engine_MaterialFunctions02/Utility/MakeFloat3.uasset" 30
"../../../Engine/Content/EngineMaterials/MiniFont.uasset" 31
"../../../Engine/Content/BufferVisualization/CustomStencil.uasset" 32
"../../../Engine/Content/BufferVisualization/FinalImage.uasset" 33
"../../../Engine/Content/BufferVisualization/LightingModel.uasset" 34
"../../../Engine/Content/BufferVisualization/MaterialAO.uasset" 35
"../../../Engine/Content/BufferVisualization/Metallic.uasset" 36
"../../../Engine/Content/BufferVisualization/Opacity.uasset" 37
"../../../Engine/Content/BufferVisualization/PostTonemapHDRColor.uasset" 38
"../../../Engine/Content/BufferVisualization/PreTonemapHDRColor.uasset" 39
"../../../Engine/Content/BufferVisualization/Roughness.uasset" 40
"../../../Engine/Content/BufferVisualization/SceneColor.uasset" 41
"../../../Engine/Content/BufferVisualization/SceneDepth.uasset" 42
"../../../Engine/Content/BufferVisualization/SceneDepthWorldUnits.uasset" 43
"../../../Engine/Content/BufferVisualization/SeparateTranslucencyA.uasset" 44
"../../../Engine/Content/BufferVisualization/SeparateTranslucencyRGB.uasset" 45
"../../../Engine/Content/BufferVisualization/Specular.uasset" 46
"../../../Engine/Content/BufferVisualization/SubsurfaceColor.uasset" 47
"../../../Engine/Content/BufferVisualization/Velocity.uasset" 48
"../../../Engine/Content/BufferVisualization/WorldNormal.uasset" 49
"../../../Engine/Content/EditorBlueprintResources/ActorMacros.uasset" 50
"../../../Engine/Content/EditorLandscapeResources/DataLayer.uasset" 51
"../../../Engine/Content/EditorLandscapeResources/DefaultAlphaTexture.uasset" 52
"../../../Engine/Content/EditorLandscapeResources/LandscapeGizmoHeight_Mat.uasset" 53
"../../../Engine/Content/EditorLandscapeResources/LandscapeGizmo_Mat.uasset" 54
"../../../Engine/Content/EditorLandscapeResources/LandscapeGizmo_Mat_Copied.uasset" 55
"../../../Engine/Content/EditorLandscapeResources/SplineEditorMeshMat.uasset" 56
"../../../Engine/Content/EditorLandscapeResources/SplineEditorMesh.uasset" 57
"../../../Engine/Content/EditorMaterials/Cross.uasset" 58
"../../../Engine/Content/EditorMaterials/Cross_Mat.uasset" 59
"../../../Engine/Content/EditorMaterials/GizmoMaterial.uasset" 60
"../../../Engine/Content/Functions/Engine_MaterialFunctions02/ExampleContent/Textures/flipbook.uasset" 61
"../../../Engine/Content/Functions/Engine_MaterialFunctions02/Texturing/FlipBook.uasset" 62
"../../../Engine/Content/Functions/Engine_MaterialFunctions02/Utility/Sign.uasset" 63
"../../../Engine/Content/Functions/Engine_MaterialFunctions02/Utility/Round.uasset" 64
"../../../Engine/Content/EditorResources/T_EditorHelp.uasset" 65
"../../../Engine/Content/EditorMaterials/HelpActorMaterial.uasset" 66
"../../../Engine/Content/EditorMaterials/CompositeARGBLayer.uasset" 67
"../../../Engine/Content/EditorMaterials/TilingAALineIntegral.uasset" 68
"../../../Engine/Content/EditorMaterials/TilingAALineBoxFiltered.uasset" 69
"../../../Engine/Content/Functions/Engine_MaterialFunctions03/Procedurals/ComputeFilterWidth.uasset" 70
"../../../Engine/Content/EditorMaterials/TilingAADots.uasset" 71
"../../../Engine/Content/EngineMaterials/BlendFunc_DefBase.uasset" 72
"../../../Engine/Content/EngineMaterials/BlendFunc_DefBlend.uasset" 73
"../../../Engine/Content/Functions/Engine_MaterialFunctions03/Blends/Blend_Screen.uasset" 74
"../../../Engine/Content/EditorMaterials/TilingAAGrid.uasset" 75
"../../../Engine/Content/EditorMaterials/LevelGridMaterial.uasset" 76
"../../../Engine/Content/EditorMaterials/MakeCompositeARGBLayer.uasset" 77
"../../../Engine/Content/EditorResources/LevelGrid1DStripes.uasset" 78
"../../../Engine/Content/EditorMaterials/TextureGridCascaded1D.uasset" 79
"../../../Engine/Content/EditorMaterials/TextureGridCascaded2D.uasset" 80
"../../../Engine/Content/EditorMaterials/LevelGridMaterial2.uasset" 81
"../../../Engine/Content/EditorMaterials/MAT_Groups_Toggle.uasset" 82
"../../../Engine/Content/EditorMaterials/MAT_Groups_Visibility.uasset" 83
"../../../Engine/Content/EditorMaterials/PhAT_BoneSelectedMaterial.uasset" 84
"../../../Engine/Content/EditorMaterials/PhAT_ElemSelectedMaterial.uasset" 85
"../../../Engine/Content/EditorMaterials/PhAT_NoCollisionMaterial.uasset" 86
"../../../Engine/Content/EditorMaterials/PhAT_UnselectedMaterial.uasset" 87
"../../../Engine/Content/EditorMaterials/PreviewShadowIndicator.uasset" 88
"../../../Engine/Content/EditorMaterials/PreviewShadowIndicatorMaterial.uasset" 89
"../../../Engine/Content/EditorMaterials/TargetIcon.uasset" 90
"../../../Engine/Content/EditorMaterials/Tick.uasset" 91
"../../../Engine/Content/EditorMaterials/Tick_Mat.uasset" 92
"../../../Engine/Content/EditorMaterials/WidgetGridVertexColorMaterial.uasset" 93
"../../../Engine/Content/EditorMaterials/WidgetGridVertexColorMaterial_Ma.uasset" 94
"../../../Engine/Content/EditorMaterials/WidgetMaterial.uasset" 95
"../../../Engine/Content/EditorMaterials/WidgetMaterial_Current.uasset" 96
"../../../Engine/Content/EditorMaterials/WidgetMaterial_X.uasset" 97
"../../../Engine/Content/EditorMaterials/WidgetMaterial_Y.uasset" 98
"../../../Engine/Content/EditorMaterials/WidgetMaterial_Z.uasset" 99
"../../../Engine/Content/EditorMaterials/WidgetVertexColorMaterial.uasset" 100
"../../../Engine/Content/EditorMaterials/AssetViewer/EpicQuadPanorama_CC+EV1.uasset" 101
"../../../Engine/Content/MapTemplates/Sky/SunsetAmbientCubemap.uasset" 102
"../../../Engine/Content/EditorMaterials/AssetViewer/M_SkyBox.uasset" 103
"../../../Engine/Content/EditorMaterials/MatineeGroups/MAT_ColorTrack.uasset" 104
"../../../Engine/Content/EditorMaterials/MatineeGroups/MAT_Groups_Anim.uasset" 105
"../../../Engine/Content/EditorMaterials/MatineeGroups/MAT_Groups_AudioMaster.uasset" 106
"../../../Engine/Content/EditorMaterials/MatineeGroups/MAT_Groups_Director.uasset" 107
"../../../Engine/Content/EditorMaterials/MatineeGroups/MAT_Groups_Event.uasset" 108
"../../../Engine/Content/EditorMaterials/MatineeGroups/MAT_Groups_Fade.uasset" 109
"../../../Engine/Content/EditorMaterials/MatineeGroups/MAT_Groups_Float.uasset" 110
"../../../Engine/Content/EditorMaterials/MatineeGroups/MAT_Groups_Move.uasset" 111
"../../../Engine/Content/EditorMaterials/MatineeGroups/MAT_Groups_Slomo.uasset" 112
"../../../Engine/Content/EditorMaterials/MatineeGroups/MAT_Groups_Sound.uasset" 113
"../../../Engine/Content/EditorMaterials/MatineeGroups/MAT_Groups_Vector.uasset" 114
"../../../Engine/Content/EditorMaterials/ParticleSystems/PSysThumbnail_NoImage.uasset" 115
"../../../Engine/Content/EditorMaterials/ParticleSystems/PSysThumbnail_OOD.uasset" 116
"../../../Engine/Content/EngineMaterials/Grid.uasset" 117
"../../../Engine/Content/EditorMaterials/Thumbnails/FloorPlaneMaterial.uasset" 118
"../../../Engine/Content/EditorMeshes/EditorCube.uasset" 119
"../../../Engine/Content/EditorMeshes/EditorCylinder.uasset" 120
"../../../Engine/Content/EditorMeshes/EditorPlane.uasset" 121
"../../../Engine/Content/EditorMaterials/Thumbnails/SkySphereMaterial.uasset" 122
"../../../Engine/Content/EditorMeshes/EditorSkySphere.uasset" 123
"../../../Engine/Content/EditorMeshes/EditorSphere.uasset" 124
"../../../Engine/Content/EditorResources/MatineeCam_D.uasset" 125
"../../../Engine/Content/EditorMaterials/MatineeCam_mat.uasset" 126
"../../../Engine/Content/EditorMeshes/MatineeCam_SM.uasset" 127
"../../../Engine/Content/EditorMeshes/PlanarReflectionPlane.uasset" 128
"../../../Engine/Content/Functions/Engine_MaterialFunctions01/Shading/ConvertFromDiffSpec.uasset" 129
"../../../Engine/Content/EditorMaterials/GridMaterial.uasset" 130
"../../../Engine/Content/EditorMeshes/AssetViewer/Floor_Mesh.uasset" 131
"../../../Engine/Content/EditorMeshes/AssetViewer/Sphere_inversenormals.uasset" 132
"../../../Engine/Content/EditorMaterials/Camera/CineMat.uasset" 133
"../../../Engine/Content/EditorMaterials/Camera/MI_CineMat_CameraBody.uasset" 134
"../../../Engine/Content/EngineDebugMaterials/M_SimpleOpaque.uasset" 135
"../../../Engine/Content/EditorMaterials/Camera/MI_CineMat_CamViewFinder.uasset" 136
"../../../Engine/Content/EditorMeshes/Camera/SM_CineCam.uasset" 137
"../../../Engine/Content/EditorMaterials/Camera/MI_CineMat_Rig.uasset" 138
"../../../Engine/Content/EditorMeshes/Camera/SM_CraneRig_Arm.uasset" 139
"../../../Engine/Content/EditorMeshes/Camera/SM_CraneRig_Base.uasset" 140
"../../../Engine/Content/EditorMeshes/Camera/SM_CraneRig_Body.uasset" 141
"../../../Engine/Content/EditorMeshes/Camera/SM_CraneRig_Mount.uasset" 142
"../../../Engine/Content/EditorMeshes/Camera/SM_RailRig_Mount.uasset" 143
"../../../Engine/Content/EditorMeshes/Camera/SM_RailRig_Track.uasset" 144
"../../../Engine/Content/EditorMeshes/ColorCalibrator/M_ChromeBall.uasset" 145
"../../../Engine/Content/EditorResources/Bad.uasset" 146
"../../../Engine/Content/EditorResources/BSPVertex.uasset" 147
"../../../Engine/Content/EditorResources/EmptyActor.uasset" 148
"../../../Engine/Content/EditorResources/MatInstActSprite.uasset" 149
"../../../Engine/Content/EditorResources/SceneManager.uasset" 150
"../../../Engine/Content/EditorResources/SmallFont.uasset" 151
"../../../Engine/Content/EditorResources/S_Actor.uasset" 152
"../../../Engine/Content/EditorResources/S_DecalActorIcon.uasset" 153
"../../../Engine/Content/EditorResources/S_Emitter.uasset" 154
"../../../Engine/Content/EditorResources/S_ExpoHeightFog.uasset" 155
"../../../Engine/Content/EditorResources/S_FTest.uasset" 156
"../../../Engine/Content/EditorResources/S_KBSJoint.uasset" 157
"../../../Engine/Content/EditorResources/S_KHinge.uasset" 158
"../../../Engine/Content/EditorResources/S_KPrismatic.uasset" 159
"../../../Engine/Content/EditorResources/S_LevelSequence.uasset" 160
"../../../Engine/Content/EditorResources/S_NavP.uasset" 161
"../../../Engine/Content/EditorResources/S_Note.uasset" 162
"../../../Engine/Content/EditorResources/S_Player.uasset" 163
"../../../Engine/Content/EditorResources/S_PortalActorIcon2.uasset" 164
"../../../Engine/Content/EditorResources/S_RadForce.uasset" 165
"../../../Engine/Content/EditorResources/S_ReflActorIcon.uasset" 166
"../../../Engine/Content/EditorResources/S_Solver.uasset" 167
"../../../Engine/Content/EditorResources/S_Terrain.uasset" 168
"../../../Engine/Content/EditorResources/S_TextRenderActorIcon.uasset" 169
"../../../Engine/Content/EditorResources/S_Thruster.uasset" 170
"../../../Engine/Content/EditorResources/S_Trigger.uasset" 171
"../../../Engine/Content/EditorResources/S_VectorFieldVol.uasset" 172
"../../../Engine/Content/EditorResources/S_WindDirectional.uasset" 173
"../../../Engine/Content/EditorResources/AI/S_NavLink.uasset" 174
"../../../Engine/Content/EditorResources/LightIcons/SkyLight.uasset" 175
"../../../Engine/Content/EditorResources/LightIcons/S_LightDirectional.uasset" 176
"../../../Engine/Content/EditorResources/LightIcons/S_LightDirectionalMove.uasset" 177
"../../../Engine/Content/EditorResources/LightIcons/S_LightError.uasset" 178
"../../../Engine/Content/EditorResources/LightIcons/S_LightPoint.uasset" 179
"../../../Engine/Content/EditorResources/LightIcons/S_LightPointMove.uasset" 180
"../../../Engine/Content/EditorResources/LightIcons/S_LightSpot.uasset" 181
"../../../Engine/Content/EditorResources/LightIcons/S_LightSpotMove.uasset" 182
"../../../Engine/Content/EditorResources/SequenceRecorder/Countdown.uasset" 183
"../../../Engine/Content/EditorResources/SequenceRecorder/RecordingIndicator.uasset" 184
"../../../Engine/Content/EditorResources/Spline/T_Loft_Spline.uasset" 185
"../../../Engine/Content/EditorSounds/GamePreview/PossessPlayer.uasset" 186
"../../../Engine/Content/EditorSounds/GamePreview/PossessPlayer_Cue.uasset" 187
"../../../Engine/Content/EditorSounds/Notifications/CompileFailed.uasset" 188
"../../../Engine/Content/EditorSounds/Notifications/CompileFailed_Cue.uasset" 189
"../../../Engine/Content/EditorSounds/Notifications/CompileSuccess.uasset" 190
"../../../Engine/Content/EditorSounds/Notifications/CompileStart_Cue.uasset" 191
"../../../Engine/Content/EditorSounds/Notifications/CompileSuccess_Cue.uasset" 192
"../../../Engine/Content/EngineDamageTypes/DmgTypeBP_Environmental.uasset" 193
"../../../Engine/Content/EngineDebugMaterials/HeatmapGradient.uasset" 194
"../../../Engine/Content/EngineDebugMaterials/BoneWeightMaterial.uasset" 195
"../../../Engine/Content/EngineDebugMaterials/ClothMaterial.uasset" 196
"../../../Engine/Content/EngineDebugMaterials/ClothMaterial_WF.uasset" 197
"../../../Engine/Content/EngineDebugMaterials/DebugEditorMaterial.uasset" 198
"../../../Engine/Content/EngineDebugMaterials/DebugMeshMaterial.uasset" 199
"../../../Engine/Content/EngineDebugMaterials/GeomMaterial.uasset" 200
"../../../Engine/Content/EngineDebugMaterials/LevelColorationLitMaterial.uasset" 201
"../../../Engine/Content/EngineDebugMaterials/LevelColorationUnlitMaterial.uasset" 202
"../../../Engine/Content/EngineMaterials/DefaultWhiteGrid.uasset" 203
"../../../Engine/Content/EngineDebugMaterials/MAT_LevelColorationLitLightmapUV.uasset" 204
"../../../Engine/Content/EngineDebugMaterials/M_SimpleTranslucent.uasset" 205
"../../../Engine/Content/Functions/Engine_MaterialFunctions02/Utility/CameraDirectionVector.uasset" 206
"../../../Engine/Content/EngineDebugMaterials/VolumeToRender.uasset" 207
"../../../Engine/Content/EngineDebugMaterials/M_VolumeRenderSphereTracePP.uasset" 208
"../../../Engine/Content/EngineDebugMaterials/ShadedLevelColorationLitMaterial.uasset" 209
"../../../Engine/Content/EngineDebugMaterials/ShadedLevelColorationUnlitMateri.uasset" 210
"../../../Engine/Content/EngineDebugMaterials/VertexColorMaterial.uasset" 211
"../../../Engine/Content/EngineDebugMaterials/VertexColorViewMode_AlphaAsColor.uasset" 212
"../../../Engine/Content/EngineDebugMaterials/VertexColorViewMode_BlueOnly.uasset" 213
"../../../Engine/Content/EngineDebugMaterials/VertexColorViewMode_ColorOnly.uasset" 214
"../../../Engine/Content/EngineDebugMaterials/VertexColorViewMode_GreenOnly.uasset" 215
"../../../Engine/Content/EngineDebugMaterials/VertexColorViewMode_RedOnly.uasset" 216
"../../../Engine/Content/EngineDebugMaterials/WireframeMaterial.uasset" 217
"../../../Engine/Content/EngineFonts/Faces/RobotoBold.uasset" 218
"../../../Engine/Content/EngineFonts/Faces/RobotoBoldItalic.uasset" 219
"../../../Engine/Content/EngineFonts/Faces/RobotoItalic.uasset" 220
"../../../Engine/Content/EngineFonts/Faces/RobotoLight.uasset" 221
"../../../Engine/Content/EngineFonts/Faces/RobotoRegular.uasset" 222
"../../../Engine/Content/EngineFonts/Roboto.uasset" 223
"../../../Engine/Content/EngineFonts/Faces/RobotoTiny.uasset" 224
"../../../Engine/Content/EngineFonts/RobotoTiny.uasset" 225
"../../../Engine/Content/EngineFonts/SmallFont.uasset" 226
"../../../Engine/Content/EngineFonts/TinyFont.uasset" 227
"../../../Engine/Content/EngineMaterials/BaseFlattenDiffuseMap.uasset" 228
"../../../Engine/Content/EngineMaterials/BaseFlattenEmissiveMap.uasset" 229
"../../../Engine/Content/EngineMaterials/BaseFlattenGrayscaleMap.uasset" 230
"../../../Engine/Content/EngineMaterials/BaseFlattenNormalMap.uasset" 231
"../../../Engine/Content/EngineMaterials/BaseFlattenMaterial.uasset" 232
"../../../Engine/Content/EngineResources/WhiteSquareTexture.uasset" 233
"../../../Engine/Content/EngineMaterials/BlinkingCaret.uasset" 234
"../../../Engine/Content/EngineMaterials/BlueNoise.uasset" 235
"../../../Engine/Content/EngineMaterials/DefaultBloomKernel.uasset" 236
"../../../Engine/Content/EngineMaterials/DefaultBokeh.uasset" 237
"../../../Engine/Content/EngineMaterials/DefaultDiffuse.uasset" 238
"../../../Engine/Content/EngineMaterials/DefaultDeferredDecalMaterial.uasset" 239
"../../../Engine/Content/EngineMaterials/DefaultLightFunctionMaterial.uasset" 240
"../../../Engine/Content/EngineMaterials/DefaultNormal.uasset" 241
"../../../Engine/Content/EngineMaterials/DefaultPostProcessMaterial.uasset" 242
"../../../Engine/Content/EngineFonts/RobotoDistanceField.uasset" 243
"../../../Engine/Content/EngineMaterials/DefaultTextMaterialOpaque.uasset" 244
"../../../Engine/Content/EngineMaterials/DefaultVirtualTextureMaterial.uasset" 245
"../../../Engine/Content/EngineMaterials/EditorBrushMaterial.uasset" 246
"../../../Engine/Content/EngineMaterials/DefaultWhiteGrid_Low.uasset" 247
"../../../Engine/Content/EngineMaterials/EmissiveMeshMaterial.uasset" 248
"../../../Engine/Content/EngineMaterials/Good64x64TilingNoiseHighFreq.uasset" 249
"../../../Engine/Content/EngineMaterials/Grid_N.uasset" 250
"../../../Engine/Content/EngineMaterials/HighResolutionScreenshotMaskFunction.uasset" 251
"../../../Engine/Content/EngineMaterials/HighResScreenshot.uasset" 252
"../../../Engine/Content/EngineMaterials/HighResScreenshotCaptureRegion.uasset" 253
"../../../Engine/Content/EngineMaterials/HighResScreenshotMask.uasset" 254
"../../../Engine/Content/EngineMaterials/LandscapeHolePhysicalMaterial.uasset" 255
"../../../Engine/Content/EngineMaterials/InvalidLightmapSettings.uasset" 256
"../../../Engine/Content/EngineMaterials/M_InvalidLightmapSettings.uasset" 257
"../../../Engine/Content/EngineMaterials/PaperDiffuse.uasset" 258
"../../../Engine/Content/EngineMaterials/PaperNormal.uasset" 259
"../../../Engine/Content/Functions/Engine_MaterialFunctions02/WorldPositionOffset/CameraOffset.uasset" 260
"../../../Engine/Content/EngineMaterials/PhAT_JointLimitMaterial.uasset" 261
"../../../Engine/Content/EngineMaterials/PhysMat_Rubber.uasset" 262
"../../../Engine/Content/EngineMaterials/PreintegratedSkinBRDF.uasset" 263
"../../../Engine/Content/EngineMaterials/RemoveSurfaceMaterial.uasset" 264
"../../../Engine/Content/EngineMaterials/WeightMapPlaceholderTexture.uasset" 265
"../../../Engine/Content/EngineMaterials/Widget3DPassThrough.uasset" 266
"../../../Engine/Content/EngineMaterials/Widget3DPassThrough_Masked.uasset" 267
"../../../Engine/Content/EngineMaterials/Widget3DPassThrough_Opaque.uasset" 268
"../../../Engine/Content/EngineMaterials/Widget3DPassThrough_Masked_OneSided.uasset" 269
"../../../Engine/Content/EngineMaterials/Widget3DPassThrough_Opaque_OneSided.uasset" 270
"../../../Engine/Content/EngineMaterials/Widget3DPassThrough_Translucent.uasset" 271
"../../../Engine/Content/EngineMaterials/Widget3DPassThrough_Translucent_OneSided.uasset" 272
"../../../Engine/Content/EngineMeshes/Cylinder.uasset" 273
"../../../Engine/Content/EngineMeshes/Sphere.uasset" 274
"../../../Engine/Content/EngineResources/Black.uasset" 275
"../../../Engine/Content/EngineResources/DefaultTexture.uasset" 276
"../../../Engine/Content/EngineResources/DefaultTextureCube.uasset" 277
"../../../Engine/Content/EngineResources/DefaultVolumeTexture2D.uasset" 278
"../../../Engine/Content/EngineResources/DefaultVolumeTexture.uasset" 279
"../../../Engine/Content/EngineResources/GradientTexture0.uasset" 280
"../../../Engine/Content/EngineResources/StreamingPauseIcon.uasset" 281
"../../../Engine/Content/EngineResources/M_StreamingPause.uasset" 282
"../../../Engine/Content/EngineSounds/Master.uasset" 283
"../../../Engine/Content/Functions/Engine_MaterialFunctions01/Shading/PowerToRoughness.uasset" 284
"../../../Engine/Content/Maps/Templates/Thumbnails/Default.uasset" 285
"../../../Engine/Content/Maps/Templates/Thumbnails/VR-Basic.uasset" 286
"../../../Engine/Content/MapTemplates/Sky/DaylightAmbientCubemap.uasset" 287
"../../../Engine/Content/MobileResources/T_MobileControls_texture.uasset" 288
"../../../Engine/Content/MobileResources/T_MobileMenu2.uasset" 289
"../../../Engine/Content/MobileResources/HUD/AnalogHat.uasset" 290
"../../../Engine/Content/MobileResources/HUD/VirtualJoystick_Background.uasset" 291
"../../../Engine/Content/MobileResources/HUD/VirtualJoystick_Thumb.uasset" 292
"../../../Engine/Content/MobileResources/HUD/DefaultVirtualJoysticks.uasset" 293
"../../../Engine/Content/MobileResources/HUD/LeftVirtualJoystickOnly.uasset" 294
"../../../Engine/Content/MobileResources/HUD/MobileHUDButton1_off.uasset" 295
"../../../Engine/Content/MobileResources/HUD/MobileHUDButton1_on.uasset" 296
"../../../Engine/Content/MobileResources/HUD/MobileHUDButton2_off.uasset" 297
"../../../Engine/Content/MobileResources/HUD/MobileHUDButton2_on.uasset" 298
"../../../Engine/Content/MobileResources/HUD/MobileHUDButton3.uasset" 299
"../../../Engine/Content/MobileResources/HUD/MobileHUDButtonFire.uasset" 300
"../../../Engine/Content/MobileResources/HUD/MobileHUDDirectionPad.uasset" 301
"../../../Engine/Content/MobileResources/HUD/MobileHUDDirectionPad2.uasset" 302
"../../../Engine/Content/MobileResources/HUD/MobileHUDDirectionPad3.uasset" 303
"../../../Engine/Content/MobileResources/HUD/MobileHUDDirectionStick.uasset" 304
"../../../Engine/Content/MobileResources/HUD/T_Castle_ThumbstickInner.uasset" 305
"../../../Engine/Content/MobileResources/HUD/T_Castle_ThumbstickOutter.uasset" 306
"../../../Engine/Content/Tutorial/ContentIntroCurve.uasset" 307
"../../../Engine/Content/Tutorial/Basics/LevelEditorAttract.uasset" 308
"../../../Engine/Content/Tutorial/Basics/TutorialAssets/icon_tab_Levels_40x.uasset" 309
"../../../Engine/Content/Tutorial/Basics/LevelEditorOverview.uasset" 310
"../../../Engine/Content/Tutorial/BlueprintTutorials/TutorialAssets/Blueprint_64x.uasset" 311
"../../../Engine/Content/Tutorial/BlueprintTutorials/BlueprintEditorTutorial.uasset" 312
"../../../Engine/Content/Tutorial/BlueprintTutorials/TutorialAssets/Tutorial_BP_MacroLib.uasset" 313
"../../../Engine/Content/Tutorial/Code/AddingCode.uasset" 314
"../../../Engine/Content/Tutorial/Landscape/TutorialAssets/Landscape.uasset" 315
"../../../Engine/Content/Tutorial/Landscape/LandscapeWalkThrough.uasset" 316
"../../../Engine/Content/Tutorial/Landscape/Landscape_Manage_Mode.uasset" 317
"../../../Engine/Content/Tutorial/Landscape/Landscape_Painting_Mode.uasset" 318
"../../../Engine/Content/Tutorial/Landscape/Landscape_Sculpt_Mode.uasset" 319
"../../../Engine/Content/VREditor/LaserPointer/VR_LaserPower_01.uasset" 320
"../../../Engine/Content/VREditor/TransformGizmo/TransformGizmoMaterial.uasset" 321
"../../../Engine/Content/VREditor/TransformGizmo/TranslucentTransformGizmoMaterial.uasset" 322
"../../../Engine/Content/VREditor/TransformGizmo/BoundingBoxCorner.uasset" 323
"../../../Engine/Content/VREditor/TransformGizmo/BoundingBoxEdge.uasset" 324
"../../../Engine/Content/VREditor/TransformGizmo/PlaneTranslationHandle.uasset" 325
"../../../Engine/Content/VREditor/TransformGizmo/Main.uasset" 326
"../../../Engine/Content/VREditor/TransformGizmo/Xray.uasset" 327
"../../../Engine/Content/VREditor/TransformGizmo/SM_Sequencer_Key.uasset" 328
"../../../Engine/Content/VREditor/TransformGizmo/SM_Sequencer_Node.uasset" 329
"../../../../../../Github/UnrealChao4/UnrealChao4/Content/Mannequin/Character/Mesh/UE4_Mannequin_Skeleton.uasset" 330
"../../../../../../Github/UnrealChao4/UnrealChao4/Content/Mannequin/Animations/ThirdPerson_Jump.uasset" 331
"../../../../../../Github/UnrealChao4/UnrealChao4/Content/Mannequin/Animations/ThirdPersonJump_Loop.uasset" 332
"../../../../../../Github/UnrealChao4/UnrealChao4/Content/Mannequin/Animations/ThirdPersonJump_Start.uasset" 333
"../../../../../../Github/UnrealChao4/UnrealChao4/Content/Mannequin/Animations/ThirdPersonIdle.uasset" 334
"../../../../../../Github/UnrealChao4/UnrealChao4/Content/Mannequin/Animations/ThirdPersonRun.uasset" 335
"../../../../../../Github/UnrealChao4/UnrealChao4/Content/Mannequin/Animations/ThirdPersonWalk.uasset" 336
"../../../../../../Github/UnrealChao4/UnrealChao4/Content/Mannequin/Animations/ThirdPerson_IdleRun_2D.uasset" 337
"../../../../../../Github/UnrealChao4/UnrealChao4/Content/Mannequin/Animations/ThirdPerson_AnimBP.uasset" 338
"../../../Engine/Content/Functions/Engine_MaterialFunctions02/Utility/BlendAngleCorrectedNormals.uasset" 339
"../../../Engine/Content/Functions/MaterialLayerFunctions/MatLayerBlend_NormalBlend.uasset" 340
"../../../Engine/Content/Functions/MaterialLayerFunctions/MatLayerBlend_Simple.uasset" 341
"../../../../../../Github/UnrealChao4/UnrealChao4/Content/Mannequin/Character/Materials/MaterialLayers/T_ML_Rubber_Blue_01_D.uasset" 342
"../../../../../../Github/UnrealChao4/UnrealChao4/Content/Mannequin/Character/Materials/MaterialLayers/T_ML_Rubber_Blue_01_N.uasset" 343
"../../../../../../Github/UnrealChao4/UnrealChao4/Content/Mannequin/Character/Materials/MaterialLayers/ML_GlossyBlack_Latex_UE4.uasset" 344
"../../../../../../Github/UnrealChao4/UnrealChao4/Content/Mannequin/Character/Materials/MaterialLayers/ML_Plastic_Shiny_Beige.uasset" 345
"../../../../../../Github/UnrealChao4/UnrealChao4/Content/Mannequin/Character/Textures/UE4_LOGO_CARD.uasset" 346
"../../../../../../Github/UnrealChao4/UnrealChao4/Content/Mannequin/Character/Materials/MaterialLayers/ML_Plastic_Shiny_Beige_LOGO.uasset" 347
"../../../../../../Github/UnrealChao4/UnrealChao4/Content/Mannequin/Character/Materials/MaterialLayers/T_ML_Aluminum01.uasset" 348
"../../../../../../Github/UnrealChao4/UnrealChao4/Content/Mannequin/Character/Materials/MaterialLayers/T_ML_Aluminum01_N.uasset" 349
"../../../../../../Github/UnrealChao4/UnrealChao4/Content/Mannequin/Character/Materials/MaterialLayers/ML_SoftMetal_UE4.uasset" 350
"../../../../../../Github/UnrealChao4/UnrealChao4/Content/Mannequin/Character/Textures/UE4_Mannequin__normals.uasset" 351
"../../../../../../Github/UnrealChao4/UnrealChao4/Content/Mannequin/Character/Textures/UE4_Mannequin_MAT_MASKA.uasset" 352
"../../../../../../Github/UnrealChao4/UnrealChao4/Content/Mannequin/Character/Materials/M_UE4Man_Body.uasset" 353
"../../../../../../Github/UnrealChao4/UnrealChao4/Content/Mannequin/Character/Textures/UE4Man_Logo_N.uasset" 354
"../../../../../../Github/UnrealChao4/UnrealChao4/Content/Mannequin/Character/Materials/M_UE4Man_ChestLogo.uasset" 355
"../../../../../../Github/UnrealChao4/UnrealChao4/Content/Mannequin/Character/Mesh/SK_Mannequin_PhysicsAsset.uasset" 356
"../../../../../../Github/UnrealChao4/UnrealChao4/Content/Mannequin/Character/Mesh/SK_Mannequin.uasset" 357
"../../../../../../Github/UnrealChao4/UnrealChao4/Content/ThirdPersonBP/Blueprints/ThirdPersonCharacter.uasset" 358
"../../../../../../Github/UnrealChao4/UnrealChao4/Content/ThirdPersonBP/Blueprints/ThirdPersonGameMode.uasset" 359
"../../Plugins/2D/Paper2D/Content/PlaceholderTextures/DummySpriteTexture.uasset" 360
"../../Plugins/2D/Paper2D/Content/DummySprite.uasset" 361
"../../Plugins/2D/Paper2D/Content/DefaultPaperTerrainMaterial.uasset" 362
"../../Plugins/2D/Paper2D/Content/DefaultSpriteMaterial.uasset" 363
"../../Plugins/2D/Paper2D/Content/MaskedUnlitSpriteMaterial.uasset" 364
"../../Plugins/2D/Paper2D/Content/OpaqueUnlitSpriteMaterial.uasset" 365
"../../Plugins/Enterprise/DatasmithContent/Content/Blueprints/FBXImporter/ArrayOfActor.uasset" 366
"../../Plugins/Enterprise/DatasmithContent/Content/Blueprints/FBXImporter/ArrayOfSwitch.uasset" 367
"../../Plugins/Enterprise/DatasmithContent/Content/Blueprints/FBXImporter/BP_SceneNode.uasset" 368
"../../Plugins/Enterprise/DatasmithContent/Content/Blueprints/FBXImporter/BP_Switch.uasset" 369
"../../Plugins/Enterprise/DatasmithContent/Content/Blueprints/FBXImporter/BP_SceneRoot.uasset" 370
"../../Plugins/Enterprise/DatasmithContent/Content/Blueprints/FBXImporter/FBXImporterUtils.uasset" 371
"../../Plugins/Enterprise/DatasmithContent/Content/Blueprints/FBXImporter/Animation/DeltaGenAnimationTrackType.uasset" 372
"../../Plugins/Enterprise/DatasmithContent/Content/Blueprints/FBXImporter/Animation/VREDAnimationTrackComponent.uasset" 373
"../../Plugins/Enterprise/DatasmithContent/Content/Blueprints/FBXImporter/Animation/VREDAnimationTrackType.uasset" 374
"../../Plugins/Enterprise/DatasmithContent/Content/Blueprints/FBXImporter/Animation/VREDAnimCurveComponent.uasset" 375
"../../Plugins/Enterprise/DatasmithContent/Content/Blueprints/FBXImporter/Animation/VREDAnimCurveType.uasset" 376
"../../Plugins/Enterprise/DatasmithContent/Content/Blueprints/FBXImporter/Variants/VariantSwitchType.uasset" 377
"../../Plugins/Enterprise/DatasmithContent/Content/Blueprints/FBXImporter/Variants/VREDVariantSwitchType.uasset" 378
"../../Plugins/Enterprise/DatasmithContent/Content/Blueprints/FBXImporter/Variants/VREDVariantType.uasset" 379
"../../Plugins/Runtime/Oculus/OculusVR/Content/OculusMR_RenderTarget.uasset" 380
"../../../Engine/Content/Functions/Engine_MaterialFunctions02/Utility/BreakOutFloat4Components.uasset" 381
"../../Plugins/Runtime/Oculus/OculusVR/Content/Materials/OculusMR_ChromaKey.uasset" 382
"../../Plugins/Runtime/Oculus/OculusVR/Content/Materials/OculusMR_ChromaKey_Lit.uasset" 383
"../../Plugins/Runtime/Oculus/OculusVR/Content/Materials/OculusMR_OpaqueColoredMaterial.uasset" 384
"../../Plugins/Runtime/Oculus/OculusVR/Content/Materials/OculusMR_WhiteMaterial.uasset" 385
"../../../Engine/Content/Maps/Entry_BuiltData.uasset" 386
"../../../Engine/Content/Maps/Entry.umap" 387
"../../../../../../Github/UnrealChao4/UnrealChao4/Content/FirstPerson/Character/Mesh/SK_Mannequin_Arms_Skeleton.uasset" 388
"../../../../../../Github/UnrealChao4/UnrealChao4/Content/FirstPerson/Animations/FirstPerson_Idle.uasset" 389
"../../../../../../Github/UnrealChao4/UnrealChao4/Content/FirstPerson/Animations/FirstPerson_JumpEnd.uasset" 390
"../../../../../../Github/UnrealChao4/UnrealChao4/Content/FirstPerson/Animations/FirstPerson_JumpLoop.uasset" 391
"../../../../../../Github/UnrealChao4/UnrealChao4/Content/FirstPerson/Animations/FirstPerson_JumpStart.uasset" 392
"../../../../../../Github/UnrealChao4/UnrealChao4/Content/FirstPerson/Animations/FirstPerson_Run.uasset" 393
"../../../../../../Github/UnrealChao4/UnrealChao4/Content/FirstPerson/Animations/FirstPerson_AnimBP.uasset" 394
"../../../../../../Github/UnrealChao4/UnrealChao4/Content/FirstPerson/Animations/FirstPerson_Fire.uasset" 395
"../../../../../../Github/UnrealChao4/UnrealChao4/Content/FirstPerson/Animations/FirstPersonFire_Montage.uasset" 396
"../../../../../../Github/UnrealChao4/UnrealChao4/Content/FirstPerson/Audio/FirstPersonTemplateWeaponFire02.uasset" 397
"../../../../../../Github/UnrealChao4/UnrealChao4/Content/FirstPerson/Character/Materials/MaterialLayers/T_ML_Rubber_Blue_01_D.uasset" 398
"../../../../../../Github/UnrealChao4/UnrealChao4/Content/FirstPerson/Character/Materials/MaterialLayers/T_ML_Rubber_Blue_01_N.uasset" 399
"../../../../../../Github/UnrealChao4/UnrealChao4/Content/FirstPerson/Character/Materials/MaterialLayers/ML_GlossyBlack_Latex_UE4.uasset" 400
"../../../../../../Github/UnrealChao4/UnrealChao4/Content/FirstPerson/Character/Materials/MaterialLayers/ML_Plastic_Shiny_Beige.uasset" 401
"../../../../../../Github/UnrealChao4/UnrealChao4/Content/FirstPerson/Character/Textures/UE4_LOGO_CARD.uasset" 402
"../../../../../../Github/UnrealChao4/UnrealChao4/Content/FirstPerson/Character/Materials/MaterialLayers/ML_Plastic_Shiny_Beige_LOGO.uasset" 403
"../../../../../../Github/UnrealChao4/UnrealChao4/Content/FirstPerson/Character/Materials/MaterialLayers/T_ML_Aluminum01.uasset" 404
"../../../../../../Github/UnrealChao4/UnrealChao4/Content/FirstPerson/Character/Materials/MaterialLayers/T_ML_Aluminum01_N.uasset" 405
"../../../../../../Github/UnrealChao4/UnrealChao4/Content/FirstPerson/Character/Materials/MaterialLayers/ML_SoftMetal_UE4.uasset" 406
"../../../../../../Github/UnrealChao4/UnrealChao4/Content/FirstPerson/Character/Textures/UE4_Mannequin__normals.uasset" 407
"../../../../../../Github/UnrealChao4/UnrealChao4/Content/FirstPerson/Character/Textures/UE4_Mannequin_MAT_MASKA.uasset" 408
"../../../../../../Github/UnrealChao4/UnrealChao4/Content/FirstPerson/Character/Materials/M_UE4Man_Body.uasset" 409
"../../../../../../Github/UnrealChao4/UnrealChao4/Content/FirstPerson/Character/Mesh/SK_Mannequin_Arms_PhysicsAsset.uasset" 410
"../../../../../../Github/UnrealChao4/UnrealChao4/Content/FirstPerson/Character/Mesh/SK_Mannequin_Arms.uasset" 411
"../../../../../../Github/UnrealChao4/UnrealChao4/Content/FirstPerson/FPWeapon/Materials/MaterialLayers/T_ML_Rubber_Blue_01_D.uasset" 412
"../../../../../../Github/UnrealChao4/UnrealChao4/Content/FirstPerson/FPWeapon/Materials/MaterialLayers/T_ML_Rubber_Blue_01_N.uasset" 413
"../../../../../../Github/UnrealChao4/UnrealChao4/Content/FirstPerson/FPWeapon/Materials/MaterialLayers/ML_GlossyBlack_Latex_UE4.uasset" 414
"../../../../../../Github/UnrealChao4/UnrealChao4/Content/FirstPerson/FPWeapon/Materials/MaterialLayers/ML_Plastic_Shiny_Beige.uasset" 415
"../../../../../../Github/UnrealChao4/UnrealChao4/Content/FirstPerson/FPWeapon/Materials/MaterialLayers/ML_Screen.uasset" 416
"../../../../../../Github/UnrealChao4/UnrealChao4/Content/FirstPerson/FPWeapon/Materials/MaterialLayers/T_ML_Aluminum01.uasset" 417
"../../../../../../Github/UnrealChao4/UnrealChao4/Content/FirstPerson/FPWeapon/Materials/MaterialLayers/T_ML_Aluminum01_N.uasset" 418
"../../../../../../Github/UnrealChao4/UnrealChao4/Content/FirstPerson/FPWeapon/Materials/MaterialLayers/ML_SoftMetal_UE4.uasset" 419
"../../../../../../Github/UnrealChao4/UnrealChao4/Content/FirstPerson/FPWeapon/Textures/T_FPGun_M.uasset" 420
"../../../../../../Github/UnrealChao4/UnrealChao4/Content/FirstPerson/FPWeapon/Textures/T_FPGun_N.uasset" 421
"../../../../../../Github/UnrealChao4/UnrealChao4/Content/FirstPerson/FPWeapon/Materials/M_FPGun.uasset" 422
"../../../../../../Github/UnrealChao4/UnrealChao4/Content/FirstPerson/FPWeapon/Mesh/SK_FPGun_Skeleton.uasset" 423
"../../../../../../Github/UnrealChao4/UnrealChao4/Content/FirstPerson/FPWeapon/Mesh/SK_FPGun.uasset" 424
"../../../../../../Github/UnrealChao4/UnrealChao4/Content/FirstPersonBP/Blueprints/FirstPersonCharacter.uasset" 425
"../../../../../../Github/UnrealChao4/UnrealChao4/Content/ThirdPersonBP/Chao/Model/Chao_Skeleton.uasset" 426
"../../../../../../Github/UnrealChao4/UnrealChao4/Content/ThirdPersonBP/Chao/Model/FinalAnimations/final_anim_0.uasset" 427
"../../../../../../Github/UnrealChao4/UnrealChao4/Content/ThirdPersonBP/Chao/Model/FinalAnimations/final_anim_1.uasset" 428
"../../../../../../Github/UnrealChao4/UnrealChao4/Content/ThirdPersonBP/Chao/Model/FinalAnimations/final_anim_110.uasset" 429
"../../../../../../Github/UnrealChao4/UnrealChao4/Content/ThirdPersonBP/Chao/Model/test_notifystate.uasset" 430
"../../../../../../Github/UnrealChao4/UnrealChao4/Content/ThirdPersonBP/Chao/Model/FinalAnimations/final_anim_115.uasset" 431
"../../../../../../Github/UnrealChao4/UnrealChao4/Content/ThirdPersonBP/Chao/Model/FinalAnimations/final_anim_116.uasset" 432
"../../../../../../Github/UnrealChao4/UnrealChao4/Content/ThirdPersonBP/Chao/Model/FinalAnimations/final_anim_15.uasset" 433
"../../../../../../Github/UnrealChao4/UnrealChao4/Content/ThirdPersonBP/Chao/Model/FinalAnimations/final_anim_16.uasset" 434
"../../../../../../Github/UnrealChao4/UnrealChao4/Content/ThirdPersonBP/Chao/Model/FinalAnimations/final_anim_17.uasset" 435
"../../../../../../Github/UnrealChao4/UnrealChao4/Content/ThirdPersonBP/Chao/Model/FinalAnimations/final_anim_18.uasset" 436
"../../../../../../Github/UnrealChao4/UnrealChao4/Content/ThirdPersonBP/Chao/Model/FinalAnimations/final_anim_19.uasset" 437
"../../../../../../Github/UnrealChao4/UnrealChao4/Content/ThirdPersonBP/Chao/Model/FinalAnimations/final_anim_2.uasset" 438
"../../../../../../Github/UnrealChao4/UnrealChao4/Content/ThirdPersonBP/Chao/Model/FinalAnimations/final_anim_20.uasset" 439
"../../../../../../Github/UnrealChao4/UnrealChao4/Content/ThirdPersonBP/Chao/Model/FinalAnimations/final_anim_21.uasset" 440
"../../../../../../Github/UnrealChao4/UnrealChao4/Content/ThirdPersonBP/Chao/Model/FinalAnimations/final_anim_24.uasset" 441
"../../../../../../Github/UnrealChao4/UnrealChao4/Content/ThirdPersonBP/Chao/Model/FinalAnimations/final_anim_240.uasset" 442
"../../../../../../Github/UnrealChao4/UnrealChao4/Content/ThirdPersonBP/Chao/Model/FinalAnimations/final_anim_241.uasset" 443
"../../../../../../Github/UnrealChao4/UnrealChao4/Content/ThirdPersonBP/Chao/Model/FinalAnimations/final_anim_25.uasset" 444
"../../../../../../Github/UnrealChao4/UnrealChao4/Content/ThirdPersonBP/Chao/Model/FinalAnimations/final_anim_26.uasset" 445
"../../../../../../Github/UnrealChao4/UnrealChao4/Content/ThirdPersonBP/Chao/Model/FinalAnimations/final_anim_27.uasset" 446
"../../../../../../Github/UnrealChao4/UnrealChao4/Content/ThirdPersonBP/Chao/Model/FinalAnimations/final_anim_28.uasset" 447
"../../../../../../Github/UnrealChao4/UnrealChao4/Content/ThirdPersonBP/Chao/Model/FinalAnimations/final_anim_29.uasset" 448
"../../../../../../Github/UnrealChao4/UnrealChao4/Content/ThirdPersonBP/Chao/Model/FinalAnimations/final_anim_3.uasset" 449
"../../../../../../Github/UnrealChao4/UnrealChao4/Content/ThirdPersonBP/Chao/Model/FinalAnimations/final_anim_30.uasset" 450
"../../../../../../Github/UnrealChao4/UnrealChao4/Content/ThirdPersonBP/Chao/Model/FinalAnimations/final_anim_31.uasset" 451
"../../../../../../Github/UnrealChao4/UnrealChao4/Content/ThirdPersonBP/Chao/Model/FinalAnimations/final_anim_32.uasset" 452
"../../../../../../Github/UnrealChao4/UnrealChao4/Content/ThirdPersonBP/Chao/Model/FinalAnimations/final_anim_33.uasset" 453
"../../../../../../Github/UnrealChao4/UnrealChao4/Content/ThirdPersonBP/Chao/Model/FinalAnimations/final_anim_34.uasset" 454
"../../../../../../Github/UnrealChao4/UnrealChao4/Content/ThirdPersonBP/Chao/Model/FinalAnimations/final_anim_35.uasset" 455
"../../../../../../Github/UnrealChao4/UnrealChao4/Content/ThirdPersonBP/Chao/Model/FinalAnimations/final_anim_36.uasset" 456
"../../../../../../Github/UnrealChao4/UnrealChao4/Content/ThirdPersonBP/Chao/Model/FinalAnimations/final_anim_37.uasset" 457
"../../../../../../Github/UnrealChao4/UnrealChao4/Content/ThirdPersonBP/Chao/Model/FinalAnimations/final_anim_39.uasset" 458
"../../../../../../Github/UnrealChao4/UnrealChao4/Content/ThirdPersonBP/Chao/Model/FinalAnimations/final_anim_40.uasset" 459
"../../../../../../Github/UnrealChao4/UnrealChao4/Content/ThirdPersonBP/Chao/Model/FinalAnimations/final_anim_41.uasset" 460
"../../../../../../Github/UnrealChao4/UnrealChao4/Content/ThirdPersonBP/Chao/Model/FinalAnimations/final_anim_47.uasset" 461
"../../../../../../Github/UnrealChao4/UnrealChao4/Content/ThirdPersonBP/Chao/Model/FinalAnimations/final_anim_48.uasset" 462
"../../../../../../Github/UnrealChao4/UnrealChao4/Content/ThirdPersonBP/Chao/Model/FinalAnimations/final_anim_52.uasset" 463
"../../../../../../Github/UnrealChao4/UnrealChao4/Content/ThirdPersonBP/Chao/Model/FinalAnimations/final_anim_53.uasset" 464
"../../../../../../Github/UnrealChao4/UnrealChao4/Content/ThirdPersonBP/Chao/Model/FinalAnimations/final_anim_54.uasset" 465
"../../../../../../Github/UnrealChao4/UnrealChao4/Content/ThirdPersonBP/Chao/Model/FinalAnimations/final_anim_55.uasset" 466
"../../../../../../Github/UnrealChao4/UnrealChao4/Content/ThirdPersonBP/Chao/Model/FinalAnimations/final_anim_56.uasset" 467
"../../../../../../Github/UnrealChao4/UnrealChao4/Content/ThirdPersonBP/Chao/Model/FinalAnimations/final_anim_57.uasset" 468
"../../../../../../Github/UnrealChao4/UnrealChao4/Content/ThirdPersonBP/Chao/Model/FinalAnimations/final_anim_62.uasset" 469
"../../../../../../Github/UnrealChao4/UnrealChao4/Content/ThirdPersonBP/Chao/Model/FinalAnimations/final_anim_63.uasset" 470
"../../../../../../Github/UnrealChao4/UnrealChao4/Content/ThirdPersonBP/Chao/Model/FinalAnimations/final_anim_64.uasset" 471
"../../../../../../Github/UnrealChao4/UnrealChao4/Content/ThirdPersonBP/Chao/Model/FinalAnimations/final_anim_77.uasset" 472
"../../../../../../Github/UnrealChao4/UnrealChao4/Content/ThirdPersonBP/Chao/Model/FinalAnimations/final_anim_78.uasset" 473
"../../../../../../Github/UnrealChao4/UnrealChao4/Content/ThirdPersonBP/Chao/Model/FinalAnimations/final_anim_79.uasset" 474
"../../../../../../Github/UnrealChao4/UnrealChao4/Content/ThirdPersonBP/Chao/Model/FinalAnimations/final_anim_84.uasset" 475
"../../../../../../Github/UnrealChao4/UnrealChao4/Content/ThirdPersonBP/Chao/Model/FinalAnimations/final_anim_100.uasset" 476
"../../../../../../Github/UnrealChao4/UnrealChao4/Content/ThirdPersonBP/Chao/Model/FinalAnimations/final_anim_102.uasset" 477
"../../../../../../Github/UnrealChao4/UnrealChao4/Content/ThirdPersonBP/Chao/Model/BS_Walking.uasset" 478
"../../../../../../Github/UnrealChao4/UnrealChao4/Content/ThirdPersonBP/Chao/Enums/BPE_ChaoBehavior.uasset" 479
"../../../../../../Github/UnrealChao4/UnrealChao4/Content/ThirdPersonBP/Chao/Model/ABP_Chao.uasset" 480
"../../../../../../Github/UnrealChao4/UnrealChao4/Content/ThirdPersonBP/Chao/Enums/BPE_ChaoPose.uasset" 481
"../../../../../../Github/UnrealChao4/UnrealChao4/Content/ThirdPersonBP/Chao/Behavior/BB_ChaoMain.uasset" 482
"../../../../../../Github/UnrealChao4/UnrealChao4/Content/ThirdPersonBP/Chao/Behavior/BTT_ChaoBehaviorBase.uasset" 483
"../../../../../../Github/UnrealChao4/UnrealChao4/Content/ThirdPersonBP/Chao/Behavior/BTT_ChaoMove.uasset" 484
"../../../../../../Github/UnrealChao4/UnrealChao4/Content/ThirdPersonBP/Chao/Enums/BPE_ChaoPersonality.uasset" 485
"../../../../../../Github/UnrealChao4/UnrealChao4/Content/ThirdPersonBP/Chao/BPL_ChaoMisc.uasset" 486
"../../../../../../Github/UnrealChao4/UnrealChao4/Content/ThirdPersonBP/Chao/Enums/BPE_ChaoEyeLidType.uasset" 487
"../../../../../../Github/UnrealChao4/UnrealChao4/Content/ThirdPersonBP/Chao/Enums/BPE_ChaoEyeType.uasset" 488
"../../../../../../Github/UnrealChao4/UnrealChao4/Content/ThirdPersonBP/Chao/Enums/BPE_ChaoFeeling.uasset" 489
"../../../../../../Github/UnrealChao4/UnrealChao4/Content/ThirdPersonBP/Chao/Behavior/BTT_ChaoSleep.uasset" 490
"../../../../../../Github/UnrealChao4/UnrealChao4/Content/ThirdPersonBP/Chao/Enums/BPE_ChaoMouthType.uasset" 491
"../../../../../../Github/UnrealChao4/UnrealChao4/Content/ThirdPersonBP/Chao/Behavior/BTT_ChaoSleepDepth.uasset" 492
"../../../../../../Github/UnrealChao4/UnrealChao4/Content/ThirdPersonBP/Chao/Enums/BPE_EmotionBall.uasset" 493
"../../../../../../Github/UnrealChao4/UnrealChao4/Content/ThirdPersonBP/Chao/Behavior/BTT_ChaoThink.uasset" 494
"../../../../../../Github/UnrealChao4/UnrealChao4/Content/ThirdPersonBP/Chao/Behavior/BTT_ChaoYawn.uasset" 495
"../../../../../../Github/UnrealChao4/UnrealChao4/Content/ThirdPersonBP/Chao/Behavior/BT_ChaoMain.uasset" 496
"../../../../../../Github/UnrealChao4/UnrealChao4/Content/ThirdPersonBP/Chao/Behavior/BP_ChaoControllerMain.uasset" 497
"../../../../../../Github/UnrealChao4/UnrealChao4/Content/ThirdPersonBP/Chao/Model/EmotionBall/Ball.uasset" 498
"../../../../../../Github/UnrealChao4/UnrealChao4/Content/ThirdPersonBP/Chao/Model/EmotionBall/EmotionBallMat.uasset" 499
"../../../Engine/Content/BasicShapes/Plane.uasset" 500
"../../../../../../Github/UnrealChao4/UnrealChao4/Content/ThirdPersonBP/Chao/Model/EmotionBall/Exclamation.uasset" 501
"../../../../../../Github/UnrealChao4/UnrealChao4/Content/ThirdPersonBP/Chao/Model/EmotionBall/Heart.uasset" 502
"../../../../../../Github/UnrealChao4/UnrealChao4/Content/ThirdPersonBP/Chao/Model/EmotionBall/Question.uasset" 503
"../../../../../../Github/UnrealChao4/UnrealChao4/Content/ThirdPersonBP/Chao/Model/EmotionBall/Spiral.uasset" 504
"../../../../../../Github/UnrealChao4/UnrealChao4/Content/ThirdPersonBP/Chao/BP_EmotionBall.uasset" 505
"../../../../../../Github/UnrealChao4/UnrealChao4/Content/ThirdPersonBP/Chao/Enums/BPE_ChaoColor.uasset" 506
"../../../../../../Github/UnrealChao4/UnrealChao4/Content/ThirdPersonBP/Chao/Enums/BPE_ChaoRank.uasset" 507
"../../../../../../Github/UnrealChao4/UnrealChao4/Content/ThirdPersonBP/Chao/Enums/BPE_ChaoStat.uasset" 508
"../../../../../../Github/UnrealChao4/UnrealChao4/Content/ThirdPersonBP/Chao/BPS_ChaoAllele.uasset" 509
"../../../../../../Github/UnrealChao4/UnrealChao4/Content/ThirdPersonBP/Chao/BPS_Color.uasset" 510
"../../../../../../Github/UnrealChao4/UnrealChao4/Content/ThirdPersonBP/Chao/DT_AffinityColor.uasset" 511
"../../../../../../Github/UnrealChao4/UnrealChao4/Content/ThirdPersonBP/Chao/DT_BaseColor.uasset" 512
"../../../../../../Github/UnrealChao4/UnrealChao4/Content/ThirdPersonBP/Chao/Model/Body/MF_Child_GetAlignmentBellyTexture.uasset" 513
"../../../../../../Github/UnrealChao4/UnrealChao4/Content/ThirdPersonBP/Chao/Model/Body/MF_Child_LerpTexWithAge.uasset" 514
"../../../../../../Github/UnrealChao4/UnrealChao4/Content/ThirdPersonBP/Chao/Model/Body/M_Child_Belly.uasset" 515
"../../../../../../Github/UnrealChao4/UnrealChao4/Content/ThirdPersonBP/Chao/Model/Body/M_Child_Body.uasset" 516
"../../../../../../Github/UnrealChao4/UnrealChao4/Content/ThirdPersonBP/Chao/Model/Body/MF_GetAlignmentHornsTexture.uasset" 517
"../../../../../../Github/UnrealChao4/UnrealChao4/Content/ThirdPersonBP/Chao/Model/Body/M_Child_Horns.uasset" 518
"../../../../../../Github/UnrealChao4/UnrealChao4/Content/ThirdPersonBP/Chao/Model/Eyes/Eye_Normal.uasset" 519
"../../../../../../Github/UnrealChao4/UnrealChao4/Content/ThirdPersonBP/Chao/Model/Eyes/EyesMat.uasset" 520
"../../../../../../Github/UnrealChao4/UnrealChao4/Content/ThirdPersonBP/Chao/Model/Mouth/Mouth_Empty.uasset" 521
"../../../../../../Github/UnrealChao4/UnrealChao4/Content/ThirdPersonBP/Chao/Model/Mouth/MouthMat.uasset" 522
"../../../../../../Github/UnrealChao4/UnrealChao4/Content/ThirdPersonBP/Chao/Enums/BPE_ChaoSickness.uasset" 523
"../../../../../../Github/UnrealChao4/UnrealChao4/Content/ThirdPersonBP/Chao/Enums/BPE_ChaoType.uasset" 524
"../../../../../../Github/UnrealChao4/UnrealChao4/Content/ThirdPersonBP/Chao/Model/Child_PhysicsAsset.uasset" 525
"../../../../../../Github/UnrealChao4/UnrealChao4/Content/ThirdPersonBP/Chao/Model/Child.uasset" 526
"../../../../../../Github/UnrealChao4/UnrealChao4/Content/ThirdPersonBP/Chao/Model/Eyes/Eye_Blink.uasset" 527
"../../../../../../Github/UnrealChao4/UnrealChao4/Content/ThirdPersonBP/Chao/Model/Eyes/Eye_BlueChaos.uasset" 528
"../../../../../../Github/UnrealChao4/UnrealChao4/Content/ThirdPersonBP/Chao/Model/Eyes/Eye_Circles.uasset" 529
"../../../../../../Github/UnrealChao4/UnrealChao4/Content/ThirdPersonBP/Chao/Model/Eyes/Eye_GreenChaos.uasset" 530
"../../../../../../Github/UnrealChao4/UnrealChao4/Content/ThirdPersonBP/Chao/Model/Eyes/Eye_Happy.uasset" 531
"../../../../../../Github/UnrealChao4/UnrealChao4/Content/ThirdPersonBP/Chao/Model/Eyes/Eye_Line.uasset" 532
"../../../../../../Github/UnrealChao4/UnrealChao4/Content/ThirdPersonBP/Chao/Model/Eyes/Eye_Pained.uasset" 533
"../../../../../../Github/UnrealChao4/UnrealChao4/Content/ThirdPersonBP/Chao/Model/Eyes/Eye_Slanted.uasset" 534
"../../../../../../Github/UnrealChao4/UnrealChao4/Content/ThirdPersonBP/Chao/Model/Eyes/Eye_Tiny.uasset" 535
"../../../../../../Github/UnrealChao4/UnrealChao4/Content/ThirdPersonBP/Chao/Model/Eyes/Eye_YellowChaos.uasset" 536
"../../../../../../Github/UnrealChao4/UnrealChao4/Content/ThirdPersonBP/Chao/Model/Mouth/Mouth_CatGrin_Center.uasset" 537
"../../../../../../Github/UnrealChao4/UnrealChao4/Content/ThirdPersonBP/Chao/Model/Mouth/Mouth_CatGrin_Sides.uasset" 538
"../../../../../../Github/UnrealChao4/UnrealChao4/Content/ThirdPersonBP/Chao/Model/Mouth/Mouth_ClosedFrown.uasset" 539
"../../../../../../Github/UnrealChao4/UnrealChao4/Content/ThirdPersonBP/Chao/Model/Mouth/Mouth_DopeyGrin_Center.uasset" 540
"../../../../../../Github/UnrealChao4/UnrealChao4/Content/ThirdPersonBP/Chao/Model/Mouth/Mouth_DopeyGrin_Sides.uasset" 541
"../../../../../../Github/UnrealChao4/UnrealChao4/Content/ThirdPersonBP/Chao/Model/Mouth/Mouth_DownPoint.uasset" 542
"../../../../../../Github/UnrealChao4/UnrealChao4/Content/ThirdPersonBP/Chao/Model/Mouth/Mouth_Frown.uasset" 543
"../../../../../../Github/UnrealChao4/UnrealChao4/Content/ThirdPersonBP/Chao/Model/Mouth/Mouth_Open.uasset" 544
"../../../../../../Github/UnrealChao4/UnrealChao4/Content/ThirdPersonBP/Chao/Model/Mouth/Mouth_Squiggles_Center.uasset" 545
"../../../../../../Github/UnrealChao4/UnrealChao4/Content/ThirdPersonBP/Chao/Model/Mouth/Mouth_Squiggles_Sides.uasset" 546
"../../../../../../Github/UnrealChao4/UnrealChao4/Content/ThirdPersonBP/Chao/Model/Mouth/Mouth_ToothyFrown_Center.uasset" 547
"../../../../../../Github/UnrealChao4/UnrealChao4/Content/ThirdPersonBP/Chao/Model/Mouth/Mouth_ToothyFrown_Sides.uasset" 548
"../../../../../../Github/UnrealChao4/UnrealChao4/Content/ThirdPersonBP/Chao/Model/Mouth/Mouth_ToothyGrin_Center.uasset" 549
"../../../../../../Github/UnrealChao4/UnrealChao4/Content/ThirdPersonBP/Chao/Model/Mouth/Mouth_ToothyGrin_Sides.uasset" 550
"../../../../../../Github/UnrealChao4/UnrealChao4/Content/ThirdPersonBP/Chao/Model/Mouth/Mouth_UpPoint.uasset" 551
"../../../../../../Github/UnrealChao4/UnrealChao4/Content/ThirdPersonBP/Chao/Model/Mouth/Mouth_WideOpen_Center.uasset" 552
"../../../../../../Github/UnrealChao4/UnrealChao4/Content/ThirdPersonBP/Chao/Model/Mouth/Mouth_WideOpen_Sides.uasset" 553
"../../../../../../Github/UnrealChao4/UnrealChao4/Content/ThirdPersonBP/Chao/BP_Chao.uasset" 554
"../../../Engine/Content/EngineSky/C_Sky_Cloud_Color.uasset" 555
"../../../Engine/Content/EngineSky/C_Sky_Horizon_Color.uasset" 556
"../../../Engine/Content/EngineSky/C_Sky_Zenith_Color.uasset" 557
"../../../Engine/Content/EngineSky/T_Sky_Blue.uasset" 558
"../../../Engine/Content/EngineSky/T_Sky_Clouds_M.uasset" 559
"../../../Engine/Content/EngineSky/T_Sky_Stars.uasset" 560
"../../../Engine/Content/EngineSky/M_Sky_Panning_Clouds2.uasset" 561
"../../../Engine/Content/EngineSky/SM_SkySphere.uasset" 562
"../../../Engine/Content/EngineSky/BP_Sky_Sphere.uasset" 563
"../../../../../../Github/UnrealChao4/UnrealChao4/Content/ThirdPersonBP/Object/BP_HoldableObject.uasset" 564
"../../../../../../Github/UnrealChao4/UnrealChao4/Content/ThirdPersonBP/Object/Fruit/BP_FruitBase.uasset" 565
"../../../../../../Github/UnrealChao4/UnrealChao4/Content/ThirdPersonBP/Object/Fruit/k32_mi_yasi02.uasset" 566
"../../../../../../Github/UnrealChao4/UnrealChao4/Content/ThirdPersonBP/Object/Fruit/NormalFruitBottom.uasset" 567
"../../../../../../Github/UnrealChao4/UnrealChao4/Content/ThirdPersonBP/Object/Fruit/k32_mi_yasi01.uasset" 568
"../../../../../../Github/UnrealChao4/UnrealChao4/Content/ThirdPersonBP/Object/Fruit/NormalFruitTop.uasset" 569
"../../../../../../Github/UnrealChao4/UnrealChao4/Content/ThirdPersonBP/Object/Fruit/NormalFruit_PhysicsAsset.uasset" 570
"../../../../../../Github/UnrealChao4/UnrealChao4/Content/ThirdPersonBP/Object/Fruit/NormalFruit_Skeleton.uasset" 571
"../../../../../../Github/UnrealChao4/UnrealChao4/Content/ThirdPersonBP/Object/Fruit/NormalFruit.uasset" 572
"../../../../../../Github/UnrealChao4/UnrealChao4/Content/ThirdPersonBP/Object/Fruit/BP_NormalFruit.uasset" 573
"../../../../../../Github/UnrealChao4/UnrealChao4/Content/ThirdPersonBP/Object/Tree/k128_yasi01.uasset" 574
"../../../../../../Github/UnrealChao4/UnrealChao4/Content/ThirdPersonBP/Object/Tree/TreeLeavesMat.uasset" 575
"../../../../../../Github/UnrealChao4/UnrealChao4/Content/ThirdPersonBP/Object/Tree/k32_yasi02.uasset" 576
"../../../../../../Github/UnrealChao4/UnrealChao4/Content/ThirdPersonBP/Object/Tree/TreeTrunkMat.uasset" 577
"../../../../../../Github/UnrealChao4/UnrealChao4/Content/ThirdPersonBP/Object/Tree/NormalTree_PhysicsAsset.uasset" 578
"../../../../../../Github/UnrealChao4/UnrealChao4/Content/ThirdPersonBP/Object/Tree/NormalTree_Skeleton.uasset" 579
"../../../../../../Github/UnrealChao4/UnrealChao4/Content/ThirdPersonBP/Object/Tree/NormalTree.uasset" 580
"../../../../../../Github/UnrealChao4/UnrealChao4/Content/ThirdPersonBP/Object/Tree/BP_TreeBase.uasset" 581
"../../../../../../Github/UnrealChao4/UnrealChao4/Content/ThirdPersonBP/Object/Tree/BP_NormalTree.uasset" 582
"../../../Engine/Content/EngineMaterials/AntiAliasedTextMaterialTranslucent.uasset" 583
"../../../../../../Github/UnrealChao4/UnrealChao4/Content/FirstPerson/Meshes/BaseMaterial.uasset" 584
"../../../../../../Github/UnrealChao4/UnrealChao4/Content/FirstPerson/Meshes/CubeMaterialOverride.uasset" 585
"../../../../../../Github/UnrealChao4/UnrealChao4/Content/Geometry/Meshes/CubeMaterial.uasset" 586
"../../../../../../Github/UnrealChao4/UnrealChao4/Content/Geometry/Meshes/1M_Cube.uasset" 587
"../../../../../../Github/UnrealChao4/UnrealChao4/Content/FirstPersonBP/Maps/FirstPersonExampleMap.umap" 588
